MyBaby/app/build/outputs/logs/manifest-merger-debug-report.txt
-- Merging decision tree log ---
manifest
ADDED from src\main\AndroidManifest.xml:2:1-83:12
	package
		ADDED from src\main\AndroidManifest.xml:3:5-35
		INJECTED from src\main\AndroidManifest.xml
		INJECTED from src\main\AndroidManifest.xml
	android:versionName
		ADDED from src\main\AndroidManifest.xml:5:5-30
		INJECTED from src\main\AndroidManifest.xml
		INJECTED from src\main\AndroidManifest.xml
	android:versionCode
		ADDED from src\main\AndroidManifest.xml:4:5-28
		INJECTED from src\main\AndroidManifest.xml
		INJECTED from src\main\AndroidManifest.xml
	xmlns:android
		ADDED from src\main\AndroidManifest.xml:2:11-69
uses-sdk
ADDED from src\main\AndroidManifest.xml:7:5-9:41
	android:targetSdkVersion
		ADDED from src\main\AndroidManifest.xml:9:9-38
		INJECTED from src\main\AndroidManifest.xml
		INJECTED from src\main\AndroidManifest.xml
	android:minSdkVersion
		ADDED from src\main\AndroidManifest.xml:8:9-34
		INJECTED from src\main\AndroidManifest.xml
		INJECTED from src\main\AndroidManifest.xml
android:uses-permission#android.permission.WRITE_EXTERNAL_STORAGE
ADDED from src\main\AndroidManifest.xml:11:5-89
	android:name
		ADDED from src\main\AndroidManifest.xml:11:30-86
android:uses-permission#android.permission.READ_PHONE_STATE
ADDED from src\main\AndroidManifest.xml:12:5-83
	android:name
		ADDED from src\main\AndroidManifest.xml:12:30-80
android:uses-permission#android.permission.READ_EXTERNAL_STORAGE
ADDED from src\main\AndroidManifest.xml:13:5-88
	android:name
		ADDED from src\main\AndroidManifest.xml:13:30-85
application
ADDED from src\main\AndroidManifest.xml:15:5-81:19
	android:label
		ADDED from src\main\AndroidManifest.xml:18:9-41
	android:allowBackup
		ADDED from src\main\AndroidManifest.xml:16:9-35
	android:icon
		ADDED from src\main\AndroidManifest.xml:17:9-42
	android:theme
		ADDED from src\main\AndroidManifest.xml:19:9-40
activity#com.brayodhis.mybaby.MainActivity
ADDED from src\main\AndroidManifest.xml:20:9-23:20
	android:label
		ADDED from src\main\AndroidManifest.xml:22:13-45
	android:name
		ADDED from src\main\AndroidManifest.xml:21:13-41
activity#com.brayodhis.mybaby.DidYou
ADDED from src\main\AndroidManifest.xml:24:9-26:62
	android:label
		ADDED from src\main\AndroidManifest.xml:26:13-59
	android:name
		ADDED from src\main\AndroidManifest.xml:25:13-35
activity#com.brayodhis.mybaby.OnTheMother
ADDED from src\main\AndroidManifest.xml:27:9-29:68
	android:label
		ADDED from src\main\AndroidManifest.xml:29:13-65
	android:name
		ADDED from src\main\AndroidManifest.xml:28:13-40
activity#com.brayodhis.mybaby.FirstTrimester
ADDED from src\main\AndroidManifest.xml:30:9-32:70
	android:label
		ADDED from src\main\AndroidManifest.xml:32:13-67
	android:name
		ADDED from src\main\AndroidManifest.xml:31:13-43
activity#com.brayodhis.mybaby.SecondTrimester
ADDED from src\main\AndroidManifest.xml:33:9-35:71
	android:label
		ADDED from src\main\AndroidManifest.xml:35:13-68
	android:name
		ADDED from src\main\AndroidManifest.xml:34:13-44
activity#com.brayodhis.mybaby.ThirdTremester
ADDED from src\main\AndroidManifest.xml:36:9-38:70
	android:label
		ADDED from src\main\AndroidManifest.xml:38:13-67
	android:name
		ADDED from src\main\AndroidManifest.xml:37:13-43
activity#com.brayodhis.mybaby.FirstThreeMonths
ADDED from src\main\AndroidManifest.xml:39:9-41:73
	android:label
		ADDED from src\main\AndroidManifest.xml:41:13-70
	android:name
		ADDED from src\main\AndroidManifest.xml:40:13-45
activity#com.brayodhis.mybaby.SecondThreeMonths
ADDED from src\main\AndroidManifest.xml:42:9-44:74
	android:label
		ADDED from src\main\AndroidManifest.xml:44:13-71
	android:name
		ADDED from src\main\AndroidManifest.xml:43:13-46
activity#com.brayodhis.mybaby.LastThreeMonths
ADDED from src\main\AndroidManifest.xml:45:9-47:72
	android:label
		ADDED from src\main\AndroidManifest.xml:47:13-69
	android:name
		ADDED from src\main\AndroidManifest.xml:46:13-44
activity#com.brayodhis.mybaby.Child
ADDED from src\main\AndroidManifest.xml:48:9-50:60
	android:label
		ADDED from src\main\AndroidManifest.xml:50:13-57
	android:name
		ADDED from src\main\AndroidManifest.xml:49:13-34
activity#com.brayodhis.mybaby.ToDo
ADDED from src\main\AndroidManifest.xml:51:9-53:60
	android:label
		ADDED from src\main\AndroidManifest.xml:53:13-57
	android:name
		ADDED from src\main\AndroidManifest.xml:52:13-33
activity#com.brayodhis.mybaby.Info
ADDED from src\main\AndroidManifest.xml:54:9-56:59
	android:label
		ADDED from src\main\AndroidManifest.xml:56:13-56
	android:name
		ADDED from src\main\AndroidManifest.xml:55:13-33
activity#com.brayodhis.mybaby.ThingsToDo
ADDED from src\main\AndroidManifest.xml:57:9-59:67
	android:label
		ADDED from src\main\AndroidManifest.xml:59:13-64
	android:name
		ADDED from src\main\AndroidManifest.xml:58:13-39
activity#com.brayodhis.mybaby.ThingsNotTo
ADDED from src\main\AndroidManifest.xml:60:9-62:68
	android:label
		ADDED from src\main\AndroidManifest.xml:62:13-65
	android:name
		ADDED from src\main\AndroidManifest.xml:61:13-40
activity#com.brayodhis.mybaby.Nutrition
ADDED from src\main\AndroidManifest.xml:63:9-65:64
	android:label
		ADDED from src\main\AndroidManifest.xml:65:13-61
	android:name
		ADDED from src\main\AndroidManifest.xml:64:13-38
activity#com.brayodhis.mybaby.Labour
ADDED from src\main\AndroidManifest.xml:66:9-68:61
	android:label
		ADDED from src\main\AndroidManifest.xml:68:13-58
	android:name
		ADDED from src\main\AndroidManifest.xml:67:13-35
activity#com.brayodhis.mybaby.Have
ADDED from src\main\AndroidManifest.xml:69:9-71:59
	android:label
		ADDED from src\main\AndroidManifest.xml:71:13-56
	android:name
		ADDED from src\main\AndroidManifest.xml:70:13-33
activity#com.brayodhis.mybaby.PregnancyGuide
ADDED from src\main\AndroidManifest.xml:72:9-80:20
	android:label
		ADDED from src\main\AndroidManifest.xml:74:13-67
	android:name
		ADDED from src\main\AndroidManifest.xml:73:13-43
intent-filter#android.intent.action.MAIN+android.intent.category.LAUNCHER
ADDED from src\main\AndroidManifest.xml:75:13-79:29
action#android.intent.action.MAIN
ADDED from src\main\AndroidManifest.xml:76:17-69
	android:name
		ADDED from src\main\AndroidManifest.xml:76:25-66
category#android.intent.category.LAUNCHER
ADDED from src\main\AndroidManifest.xml:78:17-77
	android:name
		ADDED from src\main\AndroidManifest.xml:78:27-74